<?xml version="1.0" encoding="UTF-8"?>
<!-- Generated by org.testng.reporters.JUnitReportReporter -->
<testsuite hostname="DESKTOP-BC7Q5JT" failures="0" tests="1" name="ips.tests.CP001_Flujo_Completo_Desafio" time="86.594" errors="0" timestamp="2024-08-19T22:09:53 CLT" skipped="0">
  <testcase classname="ips.tests.CP001_Flujo_Completo_Desafio" name="CP001" time="86.594"/>
  <system-out/>
</testsuite> <!-- ips.tests.CP001_Flujo_Completo_Desafio -->
