<?xml version="1.0" encoding="UTF-8"?>
<!-- Generated by org.testng.reporters.JUnitReportReporter -->
<testsuite hostname="DESKTOP-BC7Q5JT" failures="0" tests="1" name="ips.tests.CP002_PuntoExtra" time="44.825" errors="0" timestamp="2024-08-19T22:09:53 CLT" skipped="0">
  <testcase classname="ips.tests.CP002_PuntoExtra" name="CP002" time="44.825"/>
  <system-out/>
</testsuite> <!-- ips.tests.CP002_PuntoExtra -->
